<?xml version="1.0" encoding="UTF-8"?>
<testsuite name="com.waverley.testcases.LoginPageEndpointsPingTest" tests="1" skipped="0" failures="0" errors="0" timestamp="2018-08-30T12:45:07" hostname="MacBook-Pro2231.local" time="3.503">
  <properties/>
  <testcase name="loginPageIsAvailble" classname="com.waverley.testcases.LoginPageEndpointsPingTest" time="3.503"/>
  <system-out><![CDATA[]]></system-out>
  <system-err><![CDATA[]]></system-err>
</testsuite>
