<?xml version="1.0" encoding="UTF-8"?>
<testsuite name="com.waverley.testcases.LoginPageEndpointsPingTest" tests="1" skipped="0" failures="0" errors="0" timestamp="2018-08-31T09:45:33" hostname="MacBook-Pro2231.local" time="2.734">
  <properties/>
  <testcase name="loginPageIsAvailble" classname="com.waverley.testcases.LoginPageEndpointsPingTest" time="2.734"/>
  <system-out><![CDATA[]]></system-out>
  <system-err><![CDATA[]]></system-err>
</testsuite>
